<?xml version="1.0" encoding="UTF-8"?>
<!-- Generated by org.testng.reporters.JUnitXMLReporter -->
<testsuite ignored="0" hostname="LAPTOP-B8SEEK19" failures="0" tests="3" name="Test" time="20.374" errors="0" timestamp="2022-06-25T13:12:06 BST">
  <testcase classname="com.docker.selenium.columbus.LoginChrome" name="LoginPage" time="6.951"/>
  <testcase classname="com.docker.selenium.columbus.LoginEdge" name="LoginPage" time="6.027"/>
  <testcase classname="com.docker.selenium.columbus.LoginFirefox" name="LoginPage" time="7.339"/>
</testsuite> <!-- Test -->
