<?xml version="1.0" encoding="UTF-8"?>
<testng-results ignored="0" total="3" passed="3" failed="0" skipped="0">
  <reporter-output>
  </reporter-output>
  <suite started-at="2022-06-25T13:11:45 BST" name="Suite" finished-at="2022-06-25T13:12:06 BST" duration-ms="20374">
    <groups>
    </groups>
    <test started-at="2022-06-25T13:11:45 BST" name="Test" finished-at="2022-06-25T13:12:06 BST" duration-ms="20374">
      <class name="com.docker.selenium.columbus.LoginFirefox">
        <test-method signature="LoginPage()[pri:0, instance:com.docker.selenium.columbus.LoginFirefox@6ca8564a]" started-at="2022-06-25T13:11:58 BST" name="LoginPage" finished-at="2022-06-25T13:12:06 BST" duration-ms="7339" status="PASS">
          <reporter-output>
          </reporter-output>
        </test-method> <!-- LoginPage -->
      </class> <!-- com.docker.selenium.columbus.LoginFirefox -->
      <class name="com.docker.selenium.columbus.LoginChrome">
        <test-method signature="LoginPage()[pri:0, instance:com.docker.selenium.columbus.LoginChrome@21de60b4]" started-at="2022-06-25T13:11:45 BST" name="LoginPage" finished-at="2022-06-25T13:11:52 BST" duration-ms="6951" status="PASS">
          <reporter-output>
          </reporter-output>
        </test-method> <!-- LoginPage -->
      </class> <!-- com.docker.selenium.columbus.LoginChrome -->
      <class name="com.docker.selenium.columbus.LoginEdge">
        <test-method signature="LoginPage()[pri:0, instance:com.docker.selenium.columbus.LoginEdge@1817d444]" started-at="2022-06-25T13:11:52 BST" name="LoginPage" finished-at="2022-06-25T13:11:58 BST" duration-ms="6027" status="PASS">
          <reporter-output>
          </reporter-output>
        </test-method> <!-- LoginPage -->
      </class> <!-- com.docker.selenium.columbus.LoginEdge -->
    </test> <!-- Test -->
  </suite> <!-- Suite -->
</testng-results>
